<?xml version="1.0" encoding="UTF-8"?>
<testng-results ignored="0" total="2" passed="2" failed="0" skipped="0">
  <reporter-output>
  </reporter-output>
  <suite started-at="2023-01-10T13:01:43 IST" name="Suite" finished-at="2023-01-10T13:01:54 IST" duration-ms="10473">
    <groups>
    </groups>
    <test started-at="2023-01-10T13:01:43 IST" name="Test" finished-at="2023-01-10T13:01:54 IST" duration-ms="10473">
      <class name="scripting.Test2">
        <test-method signature="tc2()[pri:0, instance:scripting.Test2@2dde1bff]" started-at="2023-01-10T13:01:43 IST" name="tc2" finished-at="2023-01-10T13:01:49 IST" duration-ms="5656" status="PASS">
          <reporter-output>
          </reporter-output>
        </test-method> <!-- tc2 -->
      </class> <!-- scripting.Test2 -->
      <class name="scripting.Test1">
        <test-method signature="tc1()[pri:0, instance:scripting.Test1@3fb1549b]" started-at="2023-01-10T13:01:49 IST" name="tc1" finished-at="2023-01-10T13:01:54 IST" duration-ms="4764" status="PASS">
          <reporter-output>
          </reporter-output>
        </test-method> <!-- tc1 -->
      </class> <!-- scripting.Test1 -->
    </test> <!-- Test -->
  </suite> <!-- Suite -->
</testng-results>
