<?xml version="1.0" encoding="UTF-8"?>
<testng-results ignored="0" total="3" passed="3" failed="0" skipped="0">
  <reporter-output>
  </reporter-output>
  <suite started-at="2022-12-20T00:50:31 IST" name="Suite" finished-at="2022-12-20T00:50:56 IST" duration-ms="25269">
    <groups>
    </groups>
    <test started-at="2022-12-20T00:50:31 IST" name="Test" finished-at="2022-12-20T00:50:56 IST" duration-ms="25269">
      <class name="Scripting3.Test1">
        <test-method is-config="true" signature="openapp()[pri:0, instance:Scripting3.Test1@2fd1433e]" started-at="2022-12-20T00:50:31 IST" name="openapp" finished-at="2022-12-20T00:50:37 IST" duration-ms="5659" status="PASS">
          <reporter-output>
          </reporter-output>
        </test-method> <!-- openapp -->
        <test-method signature="tc1()[pri:2, instance:Scripting3.Test1@2fd1433e]" started-at="2022-12-20T00:50:37 IST" name="tc1" finished-at="2022-12-20T00:50:40 IST" duration-ms="3007" status="PASS">
          <reporter-output>
          </reporter-output>
        </test-method> <!-- tc1 -->
        <test-method is-config="true" signature="closeapp(org.testng.ITestResult)[pri:0, instance:Scripting3.Test1@2fd1433e]" started-at="2022-12-20T00:50:40 IST" name="closeapp" finished-at="2022-12-20T00:50:40 IST" duration-ms="162" status="PASS">
          <params>
            <param index="0">
              <value>
                <![CDATA[[TestResult name=tc1 status=SUCCESS method=Test1.tc1()[pri:2, instance:Scripting3.Test1@2fd1433e] output={null}]]]>
              </value>
            </param>
          </params>
          <reporter-output>
          </reporter-output>
        </test-method> <!-- closeapp -->
        <test-method is-config="true" signature="openapp()[pri:0, instance:Scripting3.Test1@2fd1433e]" started-at="2022-12-20T00:50:40 IST" name="openapp" finished-at="2022-12-20T00:50:45 IST" duration-ms="4745" status="PASS">
          <reporter-output>
          </reporter-output>
        </test-method> <!-- openapp -->
        <test-method signature="tc1()[pri:2, instance:Scripting3.Test1@2fd1433e]" started-at="2022-12-20T00:50:45 IST" name="tc1" finished-at="2022-12-20T00:50:48 IST" duration-ms="3086" status="PASS">
          <reporter-output>
          </reporter-output>
        </test-method> <!-- tc1 -->
        <test-method is-config="true" signature="closeapp(org.testng.ITestResult)[pri:0, instance:Scripting3.Test1@2fd1433e]" started-at="2022-12-20T00:50:48 IST" name="closeapp" finished-at="2022-12-20T00:50:48 IST" duration-ms="162" status="PASS">
          <params>
            <param index="0">
              <value>
                <![CDATA[[TestResult name=tc1 status=SUCCESS method=Test1.tc1()[pri:2, instance:Scripting3.Test1@2fd1433e] output={null}]]]>
              </value>
            </param>
          </params>
          <reporter-output>
          </reporter-output>
        </test-method> <!-- closeapp -->
      </class> <!-- Scripting3.Test1 -->
      <class name="Scripting3.Test2">
        <test-method is-config="true" signature="openapp()[pri:0, instance:Scripting3.Test2@7fee8714]" started-at="2022-12-20T00:50:48 IST" name="openapp" finished-at="2022-12-20T00:50:53 IST" duration-ms="4636" status="PASS">
          <reporter-output>
          </reporter-output>
        </test-method> <!-- openapp -->
        <test-method signature="tc2()[pri:1, instance:Scripting3.Test2@7fee8714]" started-at="2022-12-20T00:50:53 IST" name="tc2" finished-at="2022-12-20T00:50:56 IST" duration-ms="3572" status="PASS">
          <reporter-output>
          </reporter-output>
        </test-method> <!-- tc2 -->
        <test-method is-config="true" signature="closeapp(org.testng.ITestResult)[pri:0, instance:Scripting3.Test2@7fee8714]" started-at="2022-12-20T00:50:56 IST" name="closeapp" finished-at="2022-12-20T00:50:56 IST" duration-ms="184" status="PASS">
          <params>
            <param index="0">
              <value>
                <![CDATA[[TestResult name=tc2 status=SUCCESS method=Test2.tc2()[pri:1, instance:Scripting3.Test2@7fee8714] output={null}]]]>
              </value>
            </param>
          </params>
          <reporter-output>
          </reporter-output>
        </test-method> <!-- closeapp -->
      </class> <!-- Scripting3.Test2 -->
    </test> <!-- Test -->
  </suite> <!-- Suite -->
</testng-results>
